[ 2017-12-07T04:57:39+08:00 ] 140.205.225.202 /index.php/Home/index/dodo.html?sheng=7&shi=%E6%B2%88%E9%98%B3%E5%B8%82&type=120000&hy=0&page=1&page=35&page=34&page=21&page=19&page=18&page=13&page=11
INFO: [ app_init ] --START--
INFO: Run Behavior\BuildLiteBehavior [ RunTime:0.000000s ]
INFO: [ app_init ] --END-- [ RunTime:0.000000s ]
INFO: [ app_begin ] --START--
INFO: Run Behavior\ReadHtmlCacheBehavior [ RunTime:0.000000s ]
INFO: [ app_begin ] --END-- [ RunTime:0.000000s ]
ERR: 非法操作:dodo

[ 2017-12-07T04:57:45+08:00 ] 140.205.225.202 /index.php/Home/index/dodo.html
INFO: [ app_init ] --START--
INFO: Run Behavior\BuildLiteBehavior [ RunTime:0.000000s ]
INFO: [ app_init ] --END-- [ RunTime:0.000000s ]
INFO: [ app_begin ] --START--
INFO: Run Behavior\ReadHtmlCacheBehavior [ RunTime:0.000000s ]
INFO: [ app_begin ] --END-- [ RunTime:0.000000s ]
ERR: 非法操作:dodo

[ 2017-12-07T04:58:17+08:00 ] 140.205.225.202 /index.php/Home/index/dodo.html
INFO: [ app_init ] --START--
INFO: Run Behavior\BuildLiteBehavior [ RunTime:0.000000s ]
INFO: [ app_init ] --END-- [ RunTime:0.000000s ]
INFO: [ app_begin ] --START--
INFO: Run Behavior\ReadHtmlCacheBehavior [ RunTime:0.000000s ]
INFO: [ app_begin ] --END-- [ RunTime:0.000000s ]
ERR: 非法操作:dodo

[ 2017-12-07T04:59:17+08:00 ] 140.205.225.202 /
INFO: [ app_init ] --START--
INFO: Run Behavior\BuildLiteBehavior [ RunTime:0.000000s ]
INFO: [ app_init ] --END-- [ RunTime:0.000000s ]
INFO: [ app_begin ] --START--
INFO: Run Behavior\ReadHtmlCacheBehavior [ RunTime:0.000000s ]
INFO: [ app_begin ] --END-- [ RunTime:0.000000s ]
SQL: SHOW COLUMNS FROM `region` [ RunTime:0.0000s ]
SQL: SELECT * FROM `region` WHERE ( PARENT_ID = 1 )  [ RunTime:0.0000s ]
SQL: SHOW COLUMNS FROM `type` [ RunTime:0.0156s ]
SQL: SELECT * FROM `type` WHERE ( type_pid = 0 )  [ RunTime:0.0000s ]
INFO: [ view_parse ] --START--
INFO: [ template_filter ] --START--
INFO: Run Behavior\ContentReplaceBehavior [ RunTime:0.000000s ]
INFO: [ template_filter ] --END-- [ RunTime:0.000000s ]
INFO: Run Behavior\ParseTemplateBehavior [ RunTime:0.015625s ]
INFO: [ view_parse ] --END-- [ RunTime:0.015625s ]
INFO: [ view_filter ] --START--
INFO: Run Behavior\WriteHtmlCacheBehavior [ RunTime:0.000000s ]
INFO: [ view_filter ] --END-- [ RunTime:0.000000s ]
INFO: [ app_end ] --START--
INFO: Run Behavior\ShowPageTraceBehavior [ RunTime:0.000000s ]
INFO: [ app_end ] --END-- [ RunTime:0.000000s ]

[ 2017-12-07T05:00:11+08:00 ] 140.205.225.202 /
INFO: [ app_init ] --START--
INFO: Run Behavior\BuildLiteBehavior [ RunTime:0.000000s ]
INFO: [ app_init ] --END-- [ RunTime:0.000000s ]
INFO: [ app_begin ] --START--
INFO: Run Behavior\ReadHtmlCacheBehavior [ RunTime:0.000000s ]
INFO: [ app_begin ] --END-- [ RunTime:0.000000s ]
SQL: SHOW COLUMNS FROM `region` [ RunTime:0.0000s ]
SQL: SELECT * FROM `region` WHERE ( PARENT_ID = 1 )  [ RunTime:0.0000s ]
SQL: SHOW COLUMNS FROM `type` [ RunTime:0.0156s ]
SQL: SELECT * FROM `type` WHERE ( type_pid = 0 )  [ RunTime:0.0000s ]
INFO: [ view_parse ] --START--
INFO: [ template_filter ] --START--
INFO: Run Behavior\ContentReplaceBehavior [ RunTime:0.000000s ]
INFO: [ template_filter ] --END-- [ RunTime:0.000000s ]
INFO: Run Behavior\ParseTemplateBehavior [ RunTime:0.000000s ]
INFO: [ view_parse ] --END-- [ RunTime:0.000000s ]
INFO: [ view_filter ] --START--
INFO: Run Behavior\WriteHtmlCacheBehavior [ RunTime:0.000000s ]
INFO: [ view_filter ] --END-- [ RunTime:0.000000s ]
INFO: [ app_end ] --START--
INFO: Run Behavior\ShowPageTraceBehavior [ RunTime:0.000000s ]
INFO: [ app_end ] --END-- [ RunTime:0.000000s ]

[ 2017-12-07T05:01:15+08:00 ] 140.205.225.202 /
INFO: [ app_init ] --START--
INFO: Run Behavior\BuildLiteBehavior [ RunTime:0.000000s ]
INFO: [ app_init ] --END-- [ RunTime:0.000000s ]
INFO: [ app_begin ] --START--
INFO: Run Behavior\ReadHtmlCacheBehavior [ RunTime:0.000000s ]
INFO: [ app_begin ] --END-- [ RunTime:0.000000s ]
SQL: SHOW COLUMNS FROM `region` [ RunTime:0.0156s ]
SQL: SELECT * FROM `region` WHERE ( PARENT_ID = 1 )  [ RunTime:0.0000s ]
SQL: SHOW COLUMNS FROM `type` [ RunTime:0.0000s ]
SQL: SELECT * FROM `type` WHERE ( type_pid = 0 )  [ RunTime:0.0000s ]
INFO: [ view_parse ] --START--
INFO: [ template_filter ] --START--
INFO: Run Behavior\ContentReplaceBehavior [ RunTime:0.000000s ]
INFO: [ template_filter ] --END-- [ RunTime:0.000000s ]
INFO: Run Behavior\ParseTemplateBehavior [ RunTime:0.015625s ]
INFO: [ view_parse ] --END-- [ RunTime:0.015625s ]
INFO: [ view_filter ] --START--
INFO: Run Behavior\WriteHtmlCacheBehavior [ RunTime:0.000000s ]
INFO: [ view_filter ] --END-- [ RunTime:0.000000s ]
INFO: [ app_end ] --START--
INFO: Run Behavior\ShowPageTraceBehavior [ RunTime:0.000000s ]
INFO: [ app_end ] --END-- [ RunTime:0.000000s ]

[ 2017-12-07T05:01:26+08:00 ] 140.205.225.202 /
INFO: [ app_init ] --START--
INFO: Run Behavior\BuildLiteBehavior [ RunTime:0.000000s ]
INFO: [ app_init ] --END-- [ RunTime:0.000000s ]
INFO: [ app_begin ] --START--
INFO: Run Behavior\ReadHtmlCacheBehavior [ RunTime:0.000000s ]
INFO: [ app_begin ] --END-- [ RunTime:0.000000s ]
SQL: SHOW COLUMNS FROM `region` [ RunTime:0.0000s ]
SQL: SELECT * FROM `region` WHERE ( PARENT_ID = 1 )  [ RunTime:0.0000s ]
SQL: SHOW COLUMNS FROM `type` [ RunTime:0.0000s ]
SQL: SELECT * FROM `type` WHERE ( type_pid = 0 )  [ RunTime:0.0000s ]
INFO: [ view_parse ] --START--
INFO: [ template_filter ] --START--
INFO: Run Behavior\ContentReplaceBehavior [ RunTime:0.000000s ]
INFO: [ template_filter ] --END-- [ RunTime:0.000000s ]
INFO: Run Behavior\ParseTemplateBehavior [ RunTime:0.015625s ]
INFO: [ view_parse ] --END-- [ RunTime:0.015625s ]
INFO: [ view_filter ] --START--
INFO: Run Behavior\WriteHtmlCacheBehavior [ RunTime:0.000000s ]
INFO: [ view_filter ] --END-- [ RunTime:0.000000s ]
INFO: [ app_end ] --START--
INFO: Run Behavior\ShowPageTraceBehavior [ RunTime:0.000000s ]
INFO: [ app_end ] --END-- [ RunTime:0.000000s ]

[ 2017-12-07T05:01:34+08:00 ] 140.205.225.202 /index.php?task=project&view=grid&id=1&pid=updatexml(0x3a,concat(1,(md5(233))),1)&format=raw&option=com_myportfolio&Itemid=125
INFO: [ app_init ] --START--
INFO: Run Behavior\BuildLiteBehavior [ RunTime:0.000000s ]
INFO: [ app_init ] --END-- [ RunTime:0.000000s ]
INFO: [ app_begin ] --START--
INFO: Run Behavior\ReadHtmlCacheBehavior [ RunTime:0.000000s ]
INFO: [ app_begin ] --END-- [ RunTime:0.000000s ]
SQL: SHOW COLUMNS FROM `region` [ RunTime:0.0000s ]
SQL: SELECT * FROM `region` WHERE ( PARENT_ID = 1 )  [ RunTime:0.0000s ]
SQL: SHOW COLUMNS FROM `type` [ RunTime:0.0156s ]
SQL: SELECT * FROM `type` WHERE ( type_pid = 0 )  [ RunTime:0.0000s ]
INFO: [ view_parse ] --START--
INFO: [ template_filter ] --START--
INFO: Run Behavior\ContentReplaceBehavior [ RunTime:0.000000s ]
INFO: [ template_filter ] --END-- [ RunTime:0.000000s ]
INFO: Run Behavior\ParseTemplateBehavior [ RunTime:0.000000s ]
INFO: [ view_parse ] --END-- [ RunTime:0.000000s ]
INFO: [ view_filter ] --START--
INFO: Run Behavior\WriteHtmlCacheBehavior [ RunTime:0.000000s ]
INFO: [ view_filter ] --END-- [ RunTime:0.000000s ]
INFO: [ app_end ] --START--
INFO: Run Behavior\ShowPageTraceBehavior [ RunTime:0.000000s ]
INFO: [ app_end ] --END-- [ RunTime:0.000000s ]

[ 2017-12-07T05:01:36+08:00 ] 140.205.225.202 /index.php?option=com_fields&view=fields&layout=modal&list%5Bfullordering%5D=updatexml(0x3a,concat(1,md5(233)),1)
INFO: [ app_init ] --START--
INFO: Run Behavior\BuildLiteBehavior [ RunTime:0.000000s ]
INFO: [ app_init ] --END-- [ RunTime:0.000000s ]
INFO: [ app_begin ] --START--
INFO: Run Behavior\ReadHtmlCacheBehavior [ RunTime:0.000000s ]
INFO: [ app_begin ] --END-- [ RunTime:0.000000s ]
SQL: SHOW COLUMNS FROM `region` [ RunTime:0.0156s ]
SQL: SELECT * FROM `region` WHERE ( PARENT_ID = 1 )  [ RunTime:0.0000s ]
SQL: SHOW COLUMNS FROM `type` [ RunTime:0.0000s ]
SQL: SELECT * FROM `type` WHERE ( type_pid = 0 )  [ RunTime:0.0000s ]
INFO: [ view_parse ] --START--
INFO: [ template_filter ] --START--
INFO: Run Behavior\ContentReplaceBehavior [ RunTime:0.000000s ]
INFO: [ template_filter ] --END-- [ RunTime:0.000000s ]
INFO: Run Behavior\ParseTemplateBehavior [ RunTime:0.015625s ]
INFO: [ view_parse ] --END-- [ RunTime:0.015625s ]
INFO: [ view_filter ] --START--
INFO: Run Behavior\WriteHtmlCacheBehavior [ RunTime:0.000000s ]
INFO: [ view_filter ] --END-- [ RunTime:0.000000s ]
INFO: [ app_end ] --START--
INFO: Run Behavior\ShowPageTraceBehavior [ RunTime:0.000000s ]
INFO: [ app_end ] --END-- [ RunTime:0.000000s ]

[ 2017-12-07T05:01:52+08:00 ] 140.205.225.202 /index.php
INFO: [ app_init ] --START--
INFO: Run Behavior\BuildLiteBehavior [ RunTime:0.000000s ]
INFO: [ app_init ] --END-- [ RunTime:0.000000s ]
INFO: [ app_begin ] --START--
INFO: Run Behavior\ReadHtmlCacheBehavior [ RunTime:0.000000s ]
INFO: [ app_begin ] --END-- [ RunTime:0.000000s ]
SQL: SHOW COLUMNS FROM `region` [ RunTime:0.0000s ]
SQL: SELECT * FROM `region` WHERE ( PARENT_ID = 1 )  [ RunTime:0.0000s ]
SQL: SHOW COLUMNS FROM `type` [ RunTime:0.0156s ]
SQL: SELECT * FROM `type` WHERE ( type_pid = 0 )  [ RunTime:0.0000s ]
INFO: [ view_parse ] --START--
INFO: [ template_filter ] --START--
INFO: Run Behavior\ContentReplaceBehavior [ RunTime:0.000000s ]
INFO: [ template_filter ] --END-- [ RunTime:0.000000s ]
INFO: Run Behavior\ParseTemplateBehavior [ RunTime:0.000000s ]
INFO: [ view_parse ] --END-- [ RunTime:0.000000s ]
INFO: [ view_filter ] --START--
INFO: Run Behavior\WriteHtmlCacheBehavior [ RunTime:0.000000s ]
INFO: [ view_filter ] --END-- [ RunTime:0.000000s ]
INFO: [ app_end ] --START--
INFO: Run Behavior\ShowPageTraceBehavior [ RunTime:0.000000s ]
INFO: [ app_end ] --END-- [ RunTime:0.000000s ]

[ 2017-12-07T05:02:18+08:00 ] 140.205.225.202 /index.php/Home/index/dodo.html?sheng=7&shi=%E6%B2%88%E9%98%B3%E5%B8%82&type=120000&hy=0&page=1&page=35&page=34&page=21&page=19&page=18&page=13&page=11
INFO: [ app_init ] --START--
INFO: Run Behavior\BuildLiteBehavior [ RunTime:0.000000s ]
INFO: [ app_init ] --END-- [ RunTime:0.000000s ]
INFO: [ app_begin ] --START--
INFO: Run Behavior\ReadHtmlCacheBehavior [ RunTime:0.000000s ]
INFO: [ app_begin ] --END-- [ RunTime:0.000000s ]
ERR: 非法操作:dodo

[ 2017-12-07T05:02:21+08:00 ] 140.205.201.19 /index.php/Home/index/dodo.html?sheng=7&shi=???&type=120000&hy=0&page=1&page=35&page=34&page=21&page=19&page=18&page=13&page=11
INFO: [ app_init ] --START--
INFO: Run Behavior\BuildLiteBehavior [ RunTime:0.000000s ]
INFO: [ app_init ] --END-- [ RunTime:0.000000s ]
INFO: [ app_begin ] --START--
INFO: Run Behavior\ReadHtmlCacheBehavior [ RunTime:0.000000s ]
INFO: [ app_begin ] --END-- [ RunTime:0.000000s ]
ERR: 非法操作:dodo

[ 2017-12-07T05:02:25+08:00 ] 140.205.225.202 /index.php/Home/index/'" onmouseover=alert() d='"
INFO: [ app_init ] --START--
INFO: Run Behavior\BuildLiteBehavior [ RunTime:0.000000s ]
INFO: [ app_init ] --END-- [ RunTime:0.000000s ]
INFO: [ app_begin ] --START--
INFO: Run Behavior\ReadHtmlCacheBehavior [ RunTime:0.000000s ]
INFO: [ app_begin ] --END-- [ RunTime:0.000000s ]
ERR: 非法操作:'" onmouseover=alert() d='"

[ 2017-12-07T05:02:31+08:00 ] 140.205.225.202 /index.php/Home/index/dodo.html/'" onmouseover=alert() d='"/?sheng=7&shi=%E6%B2%88%E9%98%B3%E5%B8%82&type=120000&hy=0&page=1&page=35&page=34&page=21&page=19&page=18&page=13&page=11
INFO: [ app_init ] --START--
INFO: Run Behavior\BuildLiteBehavior [ RunTime:0.000000s ]
INFO: [ app_init ] --END-- [ RunTime:0.000000s ]
INFO: [ app_begin ] --START--
INFO: Run Behavior\ReadHtmlCacheBehavior [ RunTime:0.000000s ]
INFO: [ app_begin ] --END-- [ RunTime:0.000000s ]
ERR: 非法操作:dodo.html

[ 2017-12-07T05:02:35+08:00 ] 140.205.225.202 /index.php/Home/index/'"/></script><script>alert()</script>
INFO: [ app_init ] --START--
INFO: Run Behavior\BuildLiteBehavior [ RunTime:0.000000s ]
INFO: [ app_init ] --END-- [ RunTime:0.000000s ]
INFO: [ app_begin ] --START--
INFO: Run Behavior\ReadHtmlCacheBehavior [ RunTime:0.000000s ]
INFO: [ app_begin ] --END-- [ RunTime:0.000000s ]
ERR: 非法操作:'"

[ 2017-12-07T05:02:36+08:00 ] 140.205.225.202 /index.php/Home/index/'"/></script><script>alert()</script>
INFO: [ app_init ] --START--
INFO: Run Behavior\BuildLiteBehavior [ RunTime:0.000000s ]
INFO: [ app_init ] --END-- [ RunTime:0.000000s ]
INFO: [ app_begin ] --START--
INFO: Run Behavior\ReadHtmlCacheBehavior [ RunTime:0.000000s ]
INFO: [ app_begin ] --END-- [ RunTime:0.000000s ]
ERR: 非法操作:'"

[ 2017-12-07T05:02:41+08:00 ] 140.205.225.202 /index.php/Home/index/dodo.html/'"/></script><script>alert()</script>/?sheng=7&shi=%E6%B2%88%E9%98%B3%E5%B8%82&type=120000&hy=0&page=1&page=35&page=34&page=21&page=19&page=18&page=13&page=11
INFO: [ app_init ] --START--
INFO: Run Behavior\BuildLiteBehavior [ RunTime:0.000000s ]
INFO: [ app_init ] --END-- [ RunTime:0.000000s ]
INFO: [ app_begin ] --START--
INFO: Run Behavior\ReadHtmlCacheBehavior [ RunTime:0.000000s ]
INFO: [ app_begin ] --END-- [ RunTime:0.000000s ]
ERR: 非法操作:dodo.html

[ 2017-12-07T05:02:43+08:00 ] 140.205.225.202 /index.php/Home/index/dodo.html/'"/></script><script>alert()</script>/?sheng=7&shi=%E6%B2%88%E9%98%B3%E5%B8%82&type=120000&hy=0&page=1&page=35&page=34&page=21&page=19&page=18&page=13&page=11
INFO: [ app_init ] --START--
INFO: Run Behavior\BuildLiteBehavior [ RunTime:0.000000s ]
INFO: [ app_init ] --END-- [ RunTime:0.000000s ]
INFO: [ app_begin ] --START--
INFO: Run Behavior\ReadHtmlCacheBehavior [ RunTime:0.000000s ]
INFO: [ app_begin ] --END-- [ RunTime:0.000000s ]
ERR: 非法操作:dodo.html

[ 2017-12-07T05:02:47+08:00 ] 140.205.225.202 /index.php/Home/index/dodo.html?sheng=7i8619031i&shi=%E6%B2%88%E9%98%B3%E5%B8%82&type=120000&hy=0&page=1&page=35&page=34&page=21&page=19&page=18&page=13&page=11
INFO: [ app_init ] --START--
INFO: Run Behavior\BuildLiteBehavior [ RunTime:0.000000s ]
INFO: [ app_init ] --END-- [ RunTime:0.000000s ]
INFO: [ app_begin ] --START--
INFO: Run Behavior\ReadHtmlCacheBehavior [ RunTime:0.000000s ]
INFO: [ app_begin ] --END-- [ RunTime:0.000000s ]
ERR: 非法操作:dodo

[ 2017-12-07T05:02:49+08:00 ] 140.205.225.202 /index.php/Home/index/dodo.html?sheng=7i8619031i&shi=%E6%B2%88%E9%98%B3%E5%B8%82&type=120000&hy=0&page=1&page=35&page=34&page=21&page=19&page=18&page=13&page=11
INFO: [ app_init ] --START--
INFO: Run Behavior\BuildLiteBehavior [ RunTime:0.000000s ]
INFO: [ app_init ] --END-- [ RunTime:0.000000s ]
INFO: [ app_begin ] --START--
INFO: Run Behavior\ReadHtmlCacheBehavior [ RunTime:0.000000s ]
INFO: [ app_begin ] --END-- [ RunTime:0.000000s ]
ERR: 非法操作:dodo

[ 2017-12-07T05:02:49+08:00 ] 140.205.225.202 /index.php/Home/index/dodo.html?sheng=7i8619031i&shi=%E6%B2%88%E9%98%B3%E5%B8%82&type=120000&hy=0&page=1&page=35&page=34&page=21&page=19&page=18&page=13&page=11
INFO: [ app_init ] --START--
INFO: Run Behavior\BuildLiteBehavior [ RunTime:0.000000s ]
INFO: [ app_init ] --END-- [ RunTime:0.000000s ]
INFO: [ app_begin ] --START--
INFO: Run Behavior\ReadHtmlCacheBehavior [ RunTime:0.000000s ]
INFO: [ app_begin ] --END-- [ RunTime:0.000000s ]
ERR: 非法操作:dodo

[ 2017-12-07T05:02:51+08:00 ] 140.205.225.202 /index.php/Home/index/dodo.html?sheng=7i8619031i&shi=%E6%B2%88%E9%98%B3%E5%B8%82&type=120000&hy=0&page=1&page=35&page=34&page=21&page=19&page=18&page=13&page=11
INFO: [ app_init ] --START--
INFO: Run Behavior\BuildLiteBehavior [ RunTime:0.000000s ]
INFO: [ app_init ] --END-- [ RunTime:0.000000s ]
INFO: [ app_begin ] --START--
INFO: Run Behavior\ReadHtmlCacheBehavior [ RunTime:0.000000s ]
INFO: [ app_begin ] --END-- [ RunTime:0.000000s ]
ERR: 非法操作:dodo

[ 2017-12-07T05:02:54+08:00 ] 140.205.225.202 /index.php/Home/index/dodo.html?sheng=7&shi=%E6%B2%88%E9%98%B3%E5%B8%82&type=120000&hy=0&page=1&page=35&page=34&page=21&page=19&page=18&page=13&page=11
INFO: [ app_init ] --START--
INFO: Run Behavior\BuildLiteBehavior [ RunTime:0.000000s ]
INFO: [ app_init ] --END-- [ RunTime:0.000000s ]
INFO: [ app_begin ] --START--
INFO: Run Behavior\ReadHtmlCacheBehavior [ RunTime:0.000000s ]
INFO: [ app_begin ] --END-- [ RunTime:0.000000s ]
ERR: 非法操作:dodo

[ 2017-12-07T05:02:54+08:00 ] 140.205.225.202 /index.php/Home/index/dodo.html?sheng=PHNjcmlwdD5hbGVydCgxKTwvc2NyaXB0Pg==&shi=%E6%B2%88%E9%98%B3%E5%B8%82&type=120000&hy=0&page=1&page=35&page=34&page=21&page=19&page=18&page=13&page=11
INFO: [ app_init ] --START--
INFO: Run Behavior\BuildLiteBehavior [ RunTime:0.000000s ]
INFO: [ app_init ] --END-- [ RunTime:0.000000s ]
INFO: [ app_begin ] --START--
INFO: Run Behavior\ReadHtmlCacheBehavior [ RunTime:0.000000s ]
INFO: [ app_begin ] --END-- [ RunTime:0.000000s ]
ERR: 非法操作:dodo

[ 2017-12-07T05:02:56+08:00 ] 140.205.225.202 /index.php/Home/index/dodo.html?sheng=7&shi=PHNjcmlwdD5hbGVydCgxKTwvc2NyaXB0Pg==&type=120000&hy=0&page=1&page=35&page=34&page=21&page=19&page=18&page=13&page=11
INFO: [ app_init ] --START--
INFO: Run Behavior\BuildLiteBehavior [ RunTime:0.000000s ]
INFO: [ app_init ] --END-- [ RunTime:0.000000s ]
INFO: [ app_begin ] --START--
INFO: Run Behavior\ReadHtmlCacheBehavior [ RunTime:0.000000s ]
INFO: [ app_begin ] --END-- [ RunTime:0.000000s ]
ERR: 非法操作:dodo

[ 2017-12-07T05:02:58+08:00 ] 140.205.225.202 /index.php/Home/index/dodo.html?sheng=7&shi=%E6%B2%88%E9%98%B3%E5%B8%82&type=PHNjcmlwdD5hbGVydCgxKTwvc2NyaXB0Pg==&hy=0&page=1&page=35&page=34&page=21&page=19&page=18&page=13&page=11
INFO: [ app_init ] --START--
INFO: Run Behavior\BuildLiteBehavior [ RunTime:0.000000s ]
INFO: [ app_init ] --END-- [ RunTime:0.000000s ]
INFO: [ app_begin ] --START--
INFO: Run Behavior\ReadHtmlCacheBehavior [ RunTime:0.000000s ]
INFO: [ app_begin ] --END-- [ RunTime:0.000000s ]
ERR: 非法操作:dodo

[ 2017-12-07T05:03:01+08:00 ] 140.205.225.202 /index.php/Home/index/dodo.html?sheng=7&shi=%E6%B2%88%E9%98%B3%E5%B8%82&type=120000&hy=PHNjcmlwdD5hbGVydCgxKTwvc2NyaXB0Pg==&page=1&page=35&page=34&page=21&page=19&page=18&page=13&page=11
INFO: [ app_init ] --START--
INFO: Run Behavior\BuildLiteBehavior [ RunTime:0.000000s ]
INFO: [ app_init ] --END-- [ RunTime:0.000000s ]
INFO: [ app_begin ] --START--
INFO: Run Behavior\ReadHtmlCacheBehavior [ RunTime:0.000000s ]
INFO: [ app_begin ] --END-- [ RunTime:0.000000s ]
ERR: 非法操作:dodo

[ 2017-12-07T05:03:03+08:00 ] 140.205.225.202 /index.php/Home/index/dodo.html?sheng=7&shi=%E6%B2%88%E9%98%B3%E5%B8%82&type=120000&hy=0&page=PHNjcmlwdD5hbGVydCgxKTwvc2NyaXB0Pg==&page=35&page=34&page=21&page=19&page=18&page=13&page=11
INFO: [ app_init ] --START--
INFO: Run Behavior\BuildLiteBehavior [ RunTime:0.000000s ]
INFO: [ app_init ] --END-- [ RunTime:0.000000s ]
INFO: [ app_begin ] --START--
INFO: Run Behavior\ReadHtmlCacheBehavior [ RunTime:0.000000s ]
INFO: [ app_begin ] --END-- [ RunTime:0.000000s ]
ERR: 非法操作:dodo

[ 2017-12-07T05:03:05+08:00 ] 140.205.225.202 /index.php/Home/index/dodo.html?sheng=7&shi=%E6%B2%88%E9%98%B3%E5%B8%82&type=120000&hy=0&page=1&page=PHNjcmlwdD5hbGVydCgxKTwvc2NyaXB0Pg==&page=34&page=21&page=19&page=18&page=13&page=11
INFO: [ app_init ] --START--
INFO: Run Behavior\BuildLiteBehavior [ RunTime:0.000000s ]
INFO: [ app_init ] --END-- [ RunTime:0.000000s ]
INFO: [ app_begin ] --START--
INFO: Run Behavior\ReadHtmlCacheBehavior [ RunTime:0.000000s ]
INFO: [ app_begin ] --END-- [ RunTime:0.000000s ]
ERR: 非法操作:dodo

[ 2017-12-07T05:03:08+08:00 ] 140.205.225.202 /index.php/Home/index/dodo.html?sheng=7&shi=%E6%B2%88%E9%98%B3%E5%B8%82&type=120000&hy=0&page=1&page=35&page=PHNjcmlwdD5hbGVydCgxKTwvc2NyaXB0Pg==&page=21&page=19&page=18&page=13&page=11
INFO: [ app_init ] --START--
INFO: Run Behavior\BuildLiteBehavior [ RunTime:0.000000s ]
INFO: [ app_init ] --END-- [ RunTime:0.000000s ]
INFO: [ app_begin ] --START--
INFO: Run Behavior\ReadHtmlCacheBehavior [ RunTime:0.015625s ]
INFO: [ app_begin ] --END-- [ RunTime:0.015625s ]
ERR: 非法操作:dodo

[ 2017-12-07T05:03:08+08:00 ] 140.205.225.202 /index.php/Home/index/dodo.html?sheng=7&shi=%E6%B2%88%E9%98%B3%E5%B8%82&type=120000&hy=0&page=1&page=35&page=34&page=PHNjcmlwdD5hbGVydCgxKTwvc2NyaXB0Pg==&page=19&page=18&page=13&page=11
INFO: [ app_init ] --START--
INFO: Run Behavior\BuildLiteBehavior [ RunTime:0.000000s ]
INFO: [ app_init ] --END-- [ RunTime:0.000000s ]
INFO: [ app_begin ] --START--
INFO: Run Behavior\ReadHtmlCacheBehavior [ RunTime:0.000000s ]
INFO: [ app_begin ] --END-- [ RunTime:0.000000s ]
ERR: 非法操作:dodo

[ 2017-12-07T05:03:10+08:00 ] 140.205.225.202 /index.php/Home/index/dodo.html?sheng=7&shi=%E6%B2%88%E9%98%B3%E5%B8%82&type=120000&hy=0&page=1&page=35&page=34&page=21&page=PHNjcmlwdD5hbGVydCgxKTwvc2NyaXB0Pg==&page=18&page=13&page=11
INFO: [ app_init ] --START--
INFO: Run Behavior\BuildLiteBehavior [ RunTime:0.000000s ]
INFO: [ app_init ] --END-- [ RunTime:0.000000s ]
INFO: [ app_begin ] --START--
INFO: Run Behavior\ReadHtmlCacheBehavior [ RunTime:0.000000s ]
INFO: [ app_begin ] --END-- [ RunTime:0.000000s ]
ERR: 非法操作:dodo

[ 2017-12-07T05:03:11+08:00 ] 140.205.225.202 /index.php/Home/index/dodo.html?sheng=7&shi=%E6%B2%88%E9%98%B3%E5%B8%82&type=120000&hy=0&page=1&page=35&page=34&page=21&page=19&page=PHNjcmlwdD5hbGVydCgxKTwvc2NyaXB0Pg==&page=13&page=11
INFO: [ app_init ] --START--
INFO: Run Behavior\BuildLiteBehavior [ RunTime:0.000000s ]
INFO: [ app_init ] --END-- [ RunTime:0.000000s ]
INFO: [ app_begin ] --START--
INFO: Run Behavior\ReadHtmlCacheBehavior [ RunTime:0.000000s ]
INFO: [ app_begin ] --END-- [ RunTime:0.000000s ]
ERR: 非法操作:dodo

[ 2017-12-07T05:03:13+08:00 ] 140.205.225.202 /index.php/Home/index/dodo.html?sheng=7&shi=%E6%B2%88%E9%98%B3%E5%B8%82&type=120000&hy=0&page=1&page=35&page=34&page=21&page=19&page=18&page=PHNjcmlwdD5hbGVydCgxKTwvc2NyaXB0Pg==&page=11
INFO: [ app_init ] --START--
INFO: Run Behavior\BuildLiteBehavior [ RunTime:0.000000s ]
INFO: [ app_init ] --END-- [ RunTime:0.000000s ]
INFO: [ app_begin ] --START--
INFO: Run Behavior\ReadHtmlCacheBehavior [ RunTime:0.000000s ]
INFO: [ app_begin ] --END-- [ RunTime:0.000000s ]
ERR: 非法操作:dodo

[ 2017-12-07T05:03:14+08:00 ] 140.205.225.202 /index.php/Home/index/dodo.html?sheng=7&shi=%E6%B2%88%E9%98%B3%E5%B8%82&type=120000&hy=0&page=1&page=35&page=34&page=21&page=19&page=18&page=13&page=PHNjcmlwdD5hbGVydCgxKTwvc2NyaXB0Pg==
INFO: [ app_init ] --START--
INFO: Run Behavior\BuildLiteBehavior [ RunTime:0.000000s ]
INFO: [ app_init ] --END-- [ RunTime:0.000000s ]
INFO: [ app_begin ] --START--
INFO: Run Behavior\ReadHtmlCacheBehavior [ RunTime:0.000000s ]
INFO: [ app_begin ] --END-- [ RunTime:0.000000s ]
ERR: 非法操作:dodo

[ 2017-12-07T05:03:14+08:00 ] 140.205.225.202 /index.php/Home/index/dodo.html?sheng=amF2YXNjcmlwdDpwcm9tcHQoMTExKTt4&shi=%E6%B2%88%E9%98%B3%E5%B8%82&type=120000&hy=0&page=1&page=35&page=34&page=21&page=19&page=18&page=13&page=11
INFO: [ app_init ] --START--
INFO: Run Behavior\BuildLiteBehavior [ RunTime:0.000000s ]
INFO: [ app_init ] --END-- [ RunTime:0.015625s ]
INFO: [ app_begin ] --START--
INFO: Run Behavior\ReadHtmlCacheBehavior [ RunTime:0.000000s ]
INFO: [ app_begin ] --END-- [ RunTime:0.000000s ]
ERR: 非法操作:dodo

[ 2017-12-07T05:03:16+08:00 ] 140.205.225.202 /index.php/Home/index/dodo.html?sheng=7&shi=amF2YXNjcmlwdDpwcm9tcHQoMTExKTt4&type=120000&hy=0&page=1&page=35&page=34&page=21&page=19&page=18&page=13&page=11
INFO: [ app_init ] --START--
INFO: Run Behavior\BuildLiteBehavior [ RunTime:0.000000s ]
INFO: [ app_init ] --END-- [ RunTime:0.000000s ]
INFO: [ app_begin ] --START--
INFO: Run Behavior\ReadHtmlCacheBehavior [ RunTime:0.000000s ]
INFO: [ app_begin ] --END-- [ RunTime:0.000000s ]
ERR: 非法操作:dodo

[ 2017-12-07T05:03:18+08:00 ] 140.205.225.202 /index.php/Home/index/dodo.html?sheng=7&shi=%E6%B2%88%E9%98%B3%E5%B8%82&type=amF2YXNjcmlwdDpwcm9tcHQoMTExKTt4&hy=0&page=1&page=35&page=34&page=21&page=19&page=18&page=13&page=11
INFO: [ app_init ] --START--
INFO: Run Behavior\BuildLiteBehavior [ RunTime:0.000000s ]
INFO: [ app_init ] --END-- [ RunTime:0.000000s ]
INFO: [ app_begin ] --START--
INFO: Run Behavior\ReadHtmlCacheBehavior [ RunTime:0.000000s ]
INFO: [ app_begin ] --END-- [ RunTime:0.000000s ]
ERR: 非法操作:dodo

[ 2017-12-07T05:03:18+08:00 ] 140.205.225.202 /index.php/Home/index/dodo.html?sheng=7&shi=%E6%B2%88%E9%98%B3%E5%B8%82&type=120000&hy=amF2YXNjcmlwdDpwcm9tcHQoMTExKTt4&page=1&page=35&page=34&page=21&page=19&page=18&page=13&page=11
INFO: [ app_init ] --START--
INFO: Run Behavior\BuildLiteBehavior [ RunTime:0.000000s ]
INFO: [ app_init ] --END-- [ RunTime:0.000000s ]
INFO: [ app_begin ] --START--
INFO: Run Behavior\ReadHtmlCacheBehavior [ RunTime:0.000000s ]
INFO: [ app_begin ] --END-- [ RunTime:0.000000s ]
ERR: 非法操作:dodo

[ 2017-12-07T05:03:19+08:00 ] 140.205.225.202 /index.php/Home/index/dodo.html?sheng=7&shi=%E6%B2%88%E9%98%B3%E5%B8%82&type=120000&hy=0&page=amF2YXNjcmlwdDpwcm9tcHQoMTExKTt4&page=35&page=34&page=21&page=19&page=18&page=13&page=11
INFO: [ app_init ] --START--
INFO: Run Behavior\BuildLiteBehavior [ RunTime:0.000000s ]
INFO: [ app_init ] --END-- [ RunTime:0.015625s ]
INFO: [ app_begin ] --START--
INFO: Run Behavior\ReadHtmlCacheBehavior [ RunTime:0.000000s ]
INFO: [ app_begin ] --END-- [ RunTime:0.000000s ]
ERR: 非法操作:dodo

[ 2017-12-07T05:03:20+08:00 ] 140.205.225.202 /index.php/Home/index/dodo.html?sheng=7&shi=%E6%B2%88%E9%98%B3%E5%B8%82&type=120000&hy=0&page=1&page=amF2YXNjcmlwdDpwcm9tcHQoMTExKTt4&page=34&page=21&page=19&page=18&page=13&page=11
INFO: [ app_init ] --START--
INFO: Run Behavior\BuildLiteBehavior [ RunTime:0.000000s ]
INFO: [ app_init ] --END-- [ RunTime:0.000000s ]
INFO: [ app_begin ] --START--
INFO: Run Behavior\ReadHtmlCacheBehavior [ RunTime:0.000000s ]
INFO: [ app_begin ] --END-- [ RunTime:0.000000s ]
ERR: 非法操作:dodo

[ 2017-12-07T05:03:20+08:00 ] 140.205.225.202 /index.php/Home/index/dodo.html?sheng=7&shi=%E6%B2%88%E9%98%B3%E5%B8%82&type=120000&hy=0&page=1&page=35&page=amF2YXNjcmlwdDpwcm9tcHQoMTExKTt4&page=21&page=19&page=18&page=13&page=11
INFO: [ app_init ] --START--
INFO: Run Behavior\BuildLiteBehavior [ RunTime:0.000000s ]
INFO: [ app_init ] --END-- [ RunTime:0.015625s ]
INFO: [ app_begin ] --START--
INFO: Run Behavior\ReadHtmlCacheBehavior [ RunTime:0.000000s ]
INFO: [ app_begin ] --END-- [ RunTime:0.000000s ]
ERR: 非法操作:dodo

[ 2017-12-07T05:03:23+08:00 ] 140.205.225.202 /index.php/Home/index/dodo.html?sheng=7&shi=%E6%B2%88%E9%98%B3%E5%B8%82&type=120000&hy=0&page=1&page=35&page=34&page=amF2YXNjcmlwdDpwcm9tcHQoMTExKTt4&page=19&page=18&page=13&page=11
INFO: [ app_init ] --START--
INFO: Run Behavior\BuildLiteBehavior [ RunTime:0.000000s ]
INFO: [ app_init ] --END-- [ RunTime:0.000000s ]
INFO: [ app_begin ] --START--
INFO: Run Behavior\ReadHtmlCacheBehavior [ RunTime:0.000000s ]
INFO: [ app_begin ] --END-- [ RunTime:0.000000s ]
ERR: 非法操作:dodo

[ 2017-12-07T05:03:25+08:00 ] 140.205.225.202 /index.php/Home/index/dodo.html?sheng=7&shi=%E6%B2%88%E9%98%B3%E5%B8%82&type=120000&hy=0&page=1&page=35&page=34&page=21&page=amF2YXNjcmlwdDpwcm9tcHQoMTExKTt4&page=18&page=13&page=11
INFO: [ app_init ] --START--
INFO: Run Behavior\BuildLiteBehavior [ RunTime:0.000000s ]
INFO: [ app_init ] --END-- [ RunTime:0.000000s ]
INFO: [ app_begin ] --START--
INFO: Run Behavior\ReadHtmlCacheBehavior [ RunTime:0.000000s ]
INFO: [ app_begin ] --END-- [ RunTime:0.000000s ]
ERR: 非法操作:dodo

[ 2017-12-07T05:03:28+08:00 ] 140.205.225.202 /index.php/Home/index/dodo.html?sheng=7&shi=%E6%B2%88%E9%98%B3%E5%B8%82&type=120000&hy=0&page=1&page=35&page=34&page=21&page=19&page=amF2YXNjcmlwdDpwcm9tcHQoMTExKTt4&page=13&page=11
INFO: [ app_init ] --START--
INFO: Run Behavior\BuildLiteBehavior [ RunTime:0.000000s ]
INFO: [ app_init ] --END-- [ RunTime:0.000000s ]
INFO: [ app_begin ] --START--
INFO: Run Behavior\ReadHtmlCacheBehavior [ RunTime:0.000000s ]
INFO: [ app_begin ] --END-- [ RunTime:0.000000s ]
ERR: 非法操作:dodo

[ 2017-12-07T05:03:30+08:00 ] 140.205.225.202 /index.php/Home/index/dodo.html?sheng=7&shi=%E6%B2%88%E9%98%B3%E5%B8%82&type=120000&hy=0&page=1&page=35&page=34&page=21&page=19&page=18&page=amF2YXNjcmlwdDpwcm9tcHQoMTExKTt4&page=11
INFO: [ app_init ] --START--
INFO: Run Behavior\BuildLiteBehavior [ RunTime:0.000000s ]
INFO: [ app_init ] --END-- [ RunTime:0.000000s ]
INFO: [ app_begin ] --START--
INFO: Run Behavior\ReadHtmlCacheBehavior [ RunTime:0.000000s ]
INFO: [ app_begin ] --END-- [ RunTime:0.000000s ]
ERR: 非法操作:dodo

[ 2017-12-07T05:03:32+08:00 ] 140.205.225.202 /index.php/Home/index/dodo.html?sheng=7&shi=%E6%B2%88%E9%98%B3%E5%B8%82&type=120000&hy=0&page=1&page=35&page=34&page=21&page=19&page=18&page=13&page=amF2YXNjcmlwdDpwcm9tcHQoMTExKTt4
INFO: [ app_init ] --START--
INFO: Run Behavior\BuildLiteBehavior [ RunTime:0.000000s ]
INFO: [ app_init ] --END-- [ RunTime:0.000000s ]
INFO: [ app_begin ] --START--
INFO: Run Behavior\ReadHtmlCacheBehavior [ RunTime:0.000000s ]
INFO: [ app_begin ] --END-- [ RunTime:0.000000s ]
ERR: 非法操作:dodo

[ 2017-12-07T05:03:33+08:00 ] 140.205.225.202 /index.php/Home/index/dodo.html?sheng=7i8619031i&shi=%E6%B2%88%E9%98%B3%E5%B8%82&type=120000&hy=0&page=1&page=35&page=34&page=21&page=19&page=18&page=13&page=11
INFO: [ app_init ] --START--
INFO: Run Behavior\BuildLiteBehavior [ RunTime:0.000000s ]
INFO: [ app_init ] --END-- [ RunTime:0.000000s ]
INFO: [ app_begin ] --START--
INFO: Run Behavior\ReadHtmlCacheBehavior [ RunTime:0.000000s ]
INFO: [ app_begin ] --END-- [ RunTime:0.000000s ]
ERR: 非法操作:dodo

