[ 2018-05-07T23:07:55+08:00 ] 112.41.66.169 /
INFO: [ app_init ] --START--
INFO: Run Behavior\BuildLiteBehavior [ RunTime:0.000000s ]
INFO: [ app_init ] --END-- [ RunTime:0.000976s ]
INFO: [ app_begin ] --START--
INFO: Run Behavior\ReadHtmlCacheBehavior [ RunTime:0.000000s ]
INFO: [ app_begin ] --END-- [ RunTime:0.000976s ]
SQL: SHOW COLUMNS FROM `region` [ RunTime:0.0029s ]
SQL: SELECT * FROM `region` WHERE ( PARENT_ID = 1 )  [ RunTime:0.0029s ]
SQL: SHOW COLUMNS FROM `type` [ RunTime:0.0029s ]
SQL: SELECT * FROM `type` WHERE ( type_pid = 0 )  [ RunTime:0.0020s ]
INFO: [ view_parse ] --START--
INFO: [ template_filter ] --START--
INFO: Run Behavior\ContentReplaceBehavior [ RunTime:0.000000s ]
INFO: [ template_filter ] --END-- [ RunTime:0.000000s ]
INFO: Run Behavior\ParseTemplateBehavior [ RunTime:0.032224s ]
INFO: [ view_parse ] --END-- [ RunTime:0.032224s ]
INFO: [ view_filter ] --START--
INFO: Run Behavior\WriteHtmlCacheBehavior [ RunTime:0.000000s ]
INFO: [ view_filter ] --END-- [ RunTime:0.000977s ]
INFO: [ app_end ] --START--
INFO: Run Behavior\ShowPageTraceBehavior [ RunTime:0.000976s ]
INFO: [ app_end ] --END-- [ RunTime:0.000976s ]

[ 2018-05-07T23:43:07+08:00 ] 42.61.211.245 /
INFO: [ app_init ] --START--
INFO: Run Behavior\BuildLiteBehavior [ RunTime:0.000000s ]
INFO: [ app_init ] --END-- [ RunTime:0.000977s ]
INFO: [ app_begin ] --START--
INFO: Run Behavior\ReadHtmlCacheBehavior [ RunTime:0.000977s ]
INFO: [ app_begin ] --END-- [ RunTime:0.000977s ]
SQL: SHOW COLUMNS FROM `region` [ RunTime:0.0029s ]
SQL: SELECT * FROM `region` WHERE ( PARENT_ID = 1 )  [ RunTime:0.0029s ]
SQL: SHOW COLUMNS FROM `type` [ RunTime:0.0029s ]
SQL: SELECT * FROM `type` WHERE ( type_pid = 0 )  [ RunTime:0.0029s ]
INFO: [ view_parse ] --START--
INFO: [ template_filter ] --START--
INFO: Run Behavior\ContentReplaceBehavior [ RunTime:0.000000s ]
INFO: [ template_filter ] --END-- [ RunTime:0.000000s ]
INFO: Run Behavior\ParseTemplateBehavior [ RunTime:0.032228s ]
INFO: [ view_parse ] --END-- [ RunTime:0.032228s ]
INFO: [ view_filter ] --START--
INFO: Run Behavior\WriteHtmlCacheBehavior [ RunTime:0.000976s ]
INFO: [ view_filter ] --END-- [ RunTime:0.000976s ]
INFO: [ app_end ] --START--
INFO: Run Behavior\ShowPageTraceBehavior [ RunTime:0.000977s ]
INFO: [ app_end ] --END-- [ RunTime:0.000977s ]

[ 2018-05-07T23:43:16+08:00 ] 42.61.211.245 /index.php/Home/index/meme.html?id=24
INFO: [ app_init ] --START--
INFO: Run Behavior\BuildLiteBehavior [ RunTime:0.000000s ]
INFO: [ app_init ] --END-- [ RunTime:0.000000s ]
INFO: [ app_begin ] --START--
INFO: Run Behavior\ReadHtmlCacheBehavior [ RunTime:0.000977s ]
INFO: [ app_begin ] --END-- [ RunTime:0.000977s ]
SQL: SHOW COLUMNS FROM `region` [ RunTime:0.0029s ]
SQL: SELECT * FROM `region` WHERE ( PARENT_ID = 24 )  [ RunTime:0.0029s ]
INFO: [ app_end ] --START--
INFO: Run Behavior\ShowPageTraceBehavior [ RunTime:0.000000s ]
INFO: [ app_end ] --END-- [ RunTime:0.000000s ]

[ 2018-05-07T23:43:20+08:00 ] 42.61.211.245 /index.php/Home/index/mama.html?id=010000
INFO: [ app_init ] --START--
INFO: Run Behavior\BuildLiteBehavior [ RunTime:0.000000s ]
INFO: [ app_init ] --END-- [ RunTime:0.000977s ]
INFO: [ app_begin ] --START--
INFO: Run Behavior\ReadHtmlCacheBehavior [ RunTime:0.000977s ]
INFO: [ app_begin ] --END-- [ RunTime:0.000977s ]
SQL: SHOW COLUMNS FROM `type` [ RunTime:0.0029s ]
SQL: SELECT * FROM `type` WHERE ( type_pid = 010000 )  [ RunTime:0.0029s ]
INFO: [ app_end ] --START--
INFO: Run Behavior\ShowPageTraceBehavior [ RunTime:0.000976s ]
INFO: [ app_end ] --END-- [ RunTime:0.000976s ]

[ 2018-05-07T23:43:22+08:00 ] 42.61.211.245 /index.php/Home/index/linea.html?sheng=24&shi=%E6%88%90%E9%83%BD%E5%B8%82&type=010000&hy=0&page=1&line=1
INFO: [ app_init ] --START--
INFO: Run Behavior\BuildLiteBehavior [ RunTime:0.000000s ]
INFO: [ app_init ] --END-- [ RunTime:0.000977s ]
INFO: [ app_begin ] --START--
INFO: Run Behavior\ReadHtmlCacheBehavior [ RunTime:0.000977s ]
INFO: [ app_begin ] --END-- [ RunTime:0.000977s ]
INFO: [ view_parse ] --START--
INFO: [ template_filter ] --START--
INFO: Run Behavior\ContentReplaceBehavior [ RunTime:0.000000s ]
INFO: [ template_filter ] --END-- [ RunTime:0.000000s ]
INFO: Run Behavior\ParseTemplateBehavior [ RunTime:0.011720s ]
INFO: [ view_parse ] --END-- [ RunTime:0.011720s ]
INFO: [ view_filter ] --START--
INFO: Run Behavior\WriteHtmlCacheBehavior [ RunTime:0.000000s ]
INFO: [ view_filter ] --END-- [ RunTime:0.000000s ]
INFO: [ app_end ] --START--
INFO: Run Behavior\ShowPageTraceBehavior [ RunTime:0.000000s ]
INFO: [ app_end ] --END-- [ RunTime:0.000000s ]

[ 2018-05-07T23:43:35+08:00 ] 42.61.211.245 /index.php/Home/index/linea.html?sheng=24&shi=%E6%88%90%E9%83%BD%E5%B8%82&type=010000&hy=0&page=1&line=1&page=26
INFO: [ app_init ] --START--
INFO: Run Behavior\BuildLiteBehavior [ RunTime:0.000000s ]
INFO: [ app_init ] --END-- [ RunTime:0.000977s ]
INFO: [ app_begin ] --START--
INFO: Run Behavior\ReadHtmlCacheBehavior [ RunTime:0.000977s ]
INFO: [ app_begin ] --END-- [ RunTime:0.000977s ]
INFO: [ view_parse ] --START--
INFO: [ template_filter ] --START--
INFO: Run Behavior\ContentReplaceBehavior [ RunTime:0.000977s ]
INFO: [ template_filter ] --END-- [ RunTime:0.000977s ]
INFO: Run Behavior\ParseTemplateBehavior [ RunTime:0.010742s ]
INFO: [ view_parse ] --END-- [ RunTime:0.010742s ]
INFO: [ view_filter ] --START--
INFO: Run Behavior\WriteHtmlCacheBehavior [ RunTime:0.000977s ]
INFO: [ view_filter ] --END-- [ RunTime:0.000977s ]
INFO: [ app_end ] --START--
INFO: Run Behavior\ShowPageTraceBehavior [ RunTime:0.000976s ]
INFO: [ app_end ] --END-- [ RunTime:0.000976s ]

[ 2018-05-07T23:43:41+08:00 ] 42.61.211.245 /index.php/Home/index/linea.html?sheng=24&shi=%E6%88%90%E9%83%BD%E5%B8%82&type=010000&hy=0&page=1&line=1&page=26&page=35
INFO: [ app_init ] --START--
INFO: Run Behavior\BuildLiteBehavior [ RunTime:0.000000s ]
INFO: [ app_init ] --END-- [ RunTime:0.000000s ]
INFO: [ app_begin ] --START--
INFO: Run Behavior\ReadHtmlCacheBehavior [ RunTime:0.000000s ]
INFO: [ app_begin ] --END-- [ RunTime:0.000977s ]
INFO: [ view_parse ] --START--
INFO: [ template_filter ] --START--
INFO: Run Behavior\ContentReplaceBehavior [ RunTime:0.000000s ]
INFO: [ template_filter ] --END-- [ RunTime:0.000000s ]
INFO: Run Behavior\ParseTemplateBehavior [ RunTime:0.010743s ]
INFO: [ view_parse ] --END-- [ RunTime:0.010743s ]
INFO: [ view_filter ] --START--
INFO: Run Behavior\WriteHtmlCacheBehavior [ RunTime:0.000000s ]
INFO: [ view_filter ] --END-- [ RunTime:0.000000s ]
INFO: [ app_end ] --START--
INFO: Run Behavior\ShowPageTraceBehavior [ RunTime:0.000000s ]
INFO: [ app_end ] --END-- [ RunTime:0.000000s ]

[ 2018-05-07T23:43:55+08:00 ] 42.61.211.245 /index.php/Home/index/meme.html?id=4
INFO: [ app_init ] --START--
INFO: Run Behavior\BuildLiteBehavior [ RunTime:0.000000s ]
INFO: [ app_init ] --END-- [ RunTime:0.000000s ]
INFO: [ app_begin ] --START--
INFO: Run Behavior\ReadHtmlCacheBehavior [ RunTime:0.000000s ]
INFO: [ app_begin ] --END-- [ RunTime:0.000000s ]
SQL: SHOW COLUMNS FROM `region` [ RunTime:0.0029s ]
SQL: SELECT * FROM `region` WHERE ( PARENT_ID = 4 )  [ RunTime:0.0020s ]
INFO: [ app_end ] --START--
INFO: Run Behavior\ShowPageTraceBehavior [ RunTime:0.000000s ]
INFO: [ app_end ] --END-- [ RunTime:0.000000s ]

[ 2018-05-07T23:44:03+08:00 ] 42.61.211.245 /index.php/Home/index/lineb.html?sheng=4&shi=%E7%9F%B3%E5%AE%B6%E5%BA%84%E5%B8%82&keyword=&page=1&line=2
INFO: [ app_init ] --START--
INFO: Run Behavior\BuildLiteBehavior [ RunTime:0.000000s ]
INFO: [ app_init ] --END-- [ RunTime:0.000000s ]
INFO: [ app_begin ] --START--
INFO: Run Behavior\ReadHtmlCacheBehavior [ RunTime:0.000000s ]
INFO: [ app_begin ] --END-- [ RunTime:0.000000s ]

[ 2018-05-07T23:44:05+08:00 ] 42.61.211.245 /index.php/Home/index/index.html
INFO: [ app_init ] --START--
INFO: Run Behavior\BuildLiteBehavior [ RunTime:0.000000s ]
INFO: [ app_init ] --END-- [ RunTime:0.000976s ]
INFO: [ app_begin ] --START--
INFO: Run Behavior\ReadHtmlCacheBehavior [ RunTime:0.000977s ]
INFO: [ app_begin ] --END-- [ RunTime:0.000977s ]
SQL: SHOW COLUMNS FROM `region` [ RunTime:0.0029s ]
SQL: SELECT * FROM `region` WHERE ( PARENT_ID = 1 )  [ RunTime:0.0029s ]
SQL: SHOW COLUMNS FROM `type` [ RunTime:0.0029s ]
SQL: SELECT * FROM `type` WHERE ( type_pid = 0 )  [ RunTime:0.0029s ]
INFO: [ view_parse ] --START--
INFO: [ template_filter ] --START--
INFO: Run Behavior\ContentReplaceBehavior [ RunTime:0.000000s ]
INFO: [ template_filter ] --END-- [ RunTime:0.000000s ]
INFO: Run Behavior\ParseTemplateBehavior [ RunTime:0.015625s ]
INFO: [ view_parse ] --END-- [ RunTime:0.015625s ]
INFO: [ view_filter ] --START--
INFO: Run Behavior\WriteHtmlCacheBehavior [ RunTime:0.000000s ]
INFO: [ view_filter ] --END-- [ RunTime:0.000977s ]
INFO: [ app_end ] --START--
INFO: Run Behavior\ShowPageTraceBehavior [ RunTime:0.000976s ]
INFO: [ app_end ] --END-- [ RunTime:0.000976s ]

[ 2018-05-07T23:44:07+08:00 ] 42.61.211.245 /index.php/Home/index/meme.html?id=3
INFO: [ app_init ] --START--
INFO: Run Behavior\BuildLiteBehavior [ RunTime:0.000000s ]
INFO: [ app_init ] --END-- [ RunTime:0.000977s ]
INFO: [ app_begin ] --START--
INFO: Run Behavior\ReadHtmlCacheBehavior [ RunTime:0.000977s ]
INFO: [ app_begin ] --END-- [ RunTime:0.000977s ]
SQL: SHOW COLUMNS FROM `region` [ RunTime:0.0029s ]
SQL: SELECT * FROM `region` WHERE ( PARENT_ID = 3 )  [ RunTime:0.0020s ]
INFO: [ app_end ] --START--
INFO: Run Behavior\ShowPageTraceBehavior [ RunTime:0.000000s ]
INFO: [ app_end ] --END-- [ RunTime:0.000000s ]

[ 2018-05-07T23:44:10+08:00 ] 42.61.211.245 /index.php/Home/index/lineb.html?sheng=3&shi=%E5%A4%A9%E6%B4%A5%E5%B8%82&keyword=&page=1&line=2
INFO: [ app_init ] --START--
INFO: Run Behavior\BuildLiteBehavior [ RunTime:0.000000s ]
INFO: [ app_init ] --END-- [ RunTime:0.000977s ]
INFO: [ app_begin ] --START--
INFO: Run Behavior\ReadHtmlCacheBehavior [ RunTime:0.000977s ]
INFO: [ app_begin ] --END-- [ RunTime:0.000977s ]

[ 2018-05-07T23:44:12+08:00 ] 42.61.211.245 /index.php/Home/index/index.html
INFO: [ app_init ] --START--
INFO: Run Behavior\BuildLiteBehavior [ RunTime:0.000000s ]
INFO: [ app_init ] --END-- [ RunTime:0.000000s ]
INFO: [ app_begin ] --START--
INFO: Run Behavior\ReadHtmlCacheBehavior [ RunTime:0.000977s ]
INFO: [ app_begin ] --END-- [ RunTime:0.000977s ]
SQL: SHOW COLUMNS FROM `region` [ RunTime:0.0029s ]
SQL: SELECT * FROM `region` WHERE ( PARENT_ID = 1 )  [ RunTime:0.0029s ]
SQL: SHOW COLUMNS FROM `type` [ RunTime:0.0029s ]
SQL: SELECT * FROM `type` WHERE ( type_pid = 0 )  [ RunTime:0.0029s ]
INFO: [ view_parse ] --START--
INFO: [ template_filter ] --START--
INFO: Run Behavior\ContentReplaceBehavior [ RunTime:0.000000s ]
INFO: [ template_filter ] --END-- [ RunTime:0.000000s ]
INFO: Run Behavior\ParseTemplateBehavior [ RunTime:0.016602s ]
INFO: [ view_parse ] --END-- [ RunTime:0.016602s ]
INFO: [ view_filter ] --START--
INFO: Run Behavior\WriteHtmlCacheBehavior [ RunTime:0.000000s ]
INFO: [ view_filter ] --END-- [ RunTime:0.000000s ]
INFO: [ app_end ] --START--
INFO: Run Behavior\ShowPageTraceBehavior [ RunTime:0.000000s ]
INFO: [ app_end ] --END-- [ RunTime:0.000976s ]

[ 2018-05-07T23:44:14+08:00 ] 42.61.211.245 /index.php/Home/index/meme.html?id=2
INFO: [ app_init ] --START--
INFO: Run Behavior\BuildLiteBehavior [ RunTime:0.000000s ]
INFO: [ app_init ] --END-- [ RunTime:0.000977s ]
INFO: [ app_begin ] --START--
INFO: Run Behavior\ReadHtmlCacheBehavior [ RunTime:0.000976s ]
INFO: [ app_begin ] --END-- [ RunTime:0.000976s ]
SQL: SHOW COLUMNS FROM `region` [ RunTime:0.0029s ]
SQL: SELECT * FROM `region` WHERE ( PARENT_ID = 2 )  [ RunTime:0.0020s ]
INFO: [ app_end ] --START--
INFO: Run Behavior\ShowPageTraceBehavior [ RunTime:0.000000s ]
INFO: [ app_end ] --END-- [ RunTime:0.000000s ]

[ 2018-05-07T23:44:16+08:00 ] 42.61.211.245 /index.php/Home/index/meme.html?id=5
INFO: [ app_init ] --START--
INFO: Run Behavior\BuildLiteBehavior [ RunTime:0.000000s ]
INFO: [ app_init ] --END-- [ RunTime:0.000976s ]
INFO: [ app_begin ] --START--
INFO: Run Behavior\ReadHtmlCacheBehavior [ RunTime:0.000977s ]
INFO: [ app_begin ] --END-- [ RunTime:0.000977s ]
SQL: SHOW COLUMNS FROM `region` [ RunTime:0.0029s ]
SQL: SELECT * FROM `region` WHERE ( PARENT_ID = 5 )  [ RunTime:0.0029s ]
INFO: [ app_end ] --START--
INFO: Run Behavior\ShowPageTraceBehavior [ RunTime:0.000000s ]
INFO: [ app_end ] --END-- [ RunTime:0.000000s ]

[ 2018-05-07T23:44:21+08:00 ] 42.61.211.245 /index.php/Home/index/lineb.html?sheng=5&shi=%E5%A4%AA%E5%8E%9F%E5%B8%82&keyword=%E6%B1%BD%E8%BD%A6&page=1&line=2
INFO: [ app_init ] --START--
INFO: Run Behavior\BuildLiteBehavior [ RunTime:0.000000s ]
INFO: [ app_init ] --END-- [ RunTime:0.000976s ]
INFO: [ app_begin ] --START--
INFO: Run Behavior\ReadHtmlCacheBehavior [ RunTime:0.000000s ]
INFO: [ app_begin ] --END-- [ RunTime:0.000977s ]
INFO: [ view_parse ] --START--
INFO: [ template_filter ] --START--
INFO: Run Behavior\ContentReplaceBehavior [ RunTime:0.000000s ]
INFO: [ template_filter ] --END-- [ RunTime:0.000976s ]
NOTIC: [8] Undefined index: type E:\wwwroot\zt\web\Application\Runtime\Cache\Home\757afe6d7eebdc55bf3948356ced3700.php 第 20 行.
NOTIC: [8] Array to string conversion E:\wwwroot\zt\web\Application\Runtime\Cache\Home\757afe6d7eebdc55bf3948356ced3700.php 第 22 行.
NOTIC: [8] Undefined index: telephone E:\wwwroot\zt\web\Application\Runtime\Cache\Home\757afe6d7eebdc55bf3948356ced3700.php 第 23 行.
NOTIC: [8] Undefined index: type E:\wwwroot\zt\web\Application\Runtime\Cache\Home\757afe6d7eebdc55bf3948356ced3700.php 第 20 行.
NOTIC: [8] Array to string conversion E:\wwwroot\zt\web\Application\Runtime\Cache\Home\757afe6d7eebdc55bf3948356ced3700.php 第 22 行.
NOTIC: [8] Undefined index: telephone E:\wwwroot\zt\web\Application\Runtime\Cache\Home\757afe6d7eebdc55bf3948356ced3700.php 第 23 行.
NOTIC: [8] Undefined index: type E:\wwwroot\zt\web\Application\Runtime\Cache\Home\757afe6d7eebdc55bf3948356ced3700.php 第 20 行.
NOTIC: [8] Array to string conversion E:\wwwroot\zt\web\Application\Runtime\Cache\Home\757afe6d7eebdc55bf3948356ced3700.php 第 22 行.
NOTIC: [8] Undefined index: type E:\wwwroot\zt\web\Application\Runtime\Cache\Home\757afe6d7eebdc55bf3948356ced3700.php 第 20 行.
NOTIC: [8] Array to string conversion E:\wwwroot\zt\web\Application\Runtime\Cache\Home\757afe6d7eebdc55bf3948356ced3700.php 第 22 行.
NOTIC: [8] Undefined index: type E:\wwwroot\zt\web\Application\Runtime\Cache\Home\757afe6d7eebdc55bf3948356ced3700.php 第 20 行.
NOTIC: [8] Array to string conversion E:\wwwroot\zt\web\Application\Runtime\Cache\Home\757afe6d7eebdc55bf3948356ced3700.php 第 22 行.
NOTIC: [8] Undefined index: telephone E:\wwwroot\zt\web\Application\Runtime\Cache\Home\757afe6d7eebdc55bf3948356ced3700.php 第 23 行.
NOTIC: [8] Undefined index: type E:\wwwroot\zt\web\Application\Runtime\Cache\Home\757afe6d7eebdc55bf3948356ced3700.php 第 20 行.
NOTIC: [8] Array to string conversion E:\wwwroot\zt\web\Application\Runtime\Cache\Home\757afe6d7eebdc55bf3948356ced3700.php 第 22 行.
NOTIC: [8] Undefined index: telephone E:\wwwroot\zt\web\Application\Runtime\Cache\Home\757afe6d7eebdc55bf3948356ced3700.php 第 23 行.
NOTIC: [8] Undefined index: type E:\wwwroot\zt\web\Application\Runtime\Cache\Home\757afe6d7eebdc55bf3948356ced3700.php 第 20 行.
NOTIC: [8] Array to string conversion E:\wwwroot\zt\web\Application\Runtime\Cache\Home\757afe6d7eebdc55bf3948356ced3700.php 第 22 行.
NOTIC: [8] Undefined index: telephone E:\wwwroot\zt\web\Application\Runtime\Cache\Home\757afe6d7eebdc55bf3948356ced3700.php 第 23 行.
NOTIC: [8] Undefined index: type E:\wwwroot\zt\web\Application\Runtime\Cache\Home\757afe6d7eebdc55bf3948356ced3700.php 第 20 行.
NOTIC: [8] Array to string conversion E:\wwwroot\zt\web\Application\Runtime\Cache\Home\757afe6d7eebdc55bf3948356ced3700.php 第 22 行.
NOTIC: [8] Undefined index: telephone E:\wwwroot\zt\web\Application\Runtime\Cache\Home\757afe6d7eebdc55bf3948356ced3700.php 第 23 行.
NOTIC: [8] Undefined index: type E:\wwwroot\zt\web\Application\Runtime\Cache\Home\757afe6d7eebdc55bf3948356ced3700.php 第 20 行.
NOTIC: [8] Array to string conversion E:\wwwroot\zt\web\Application\Runtime\Cache\Home\757afe6d7eebdc55bf3948356ced3700.php 第 22 行.
NOTIC: [8] Undefined index: telephone E:\wwwroot\zt\web\Application\Runtime\Cache\Home\757afe6d7eebdc55bf3948356ced3700.php 第 23 行.
NOTIC: [8] Undefined index: type E:\wwwroot\zt\web\Application\Runtime\Cache\Home\757afe6d7eebdc55bf3948356ced3700.php 第 20 行.
NOTIC: [8] Array to string conversion E:\wwwroot\zt\web\Application\Runtime\Cache\Home\757afe6d7eebdc55bf3948356ced3700.php 第 22 行.
NOTIC: [8] Undefined index: telephone E:\wwwroot\zt\web\Application\Runtime\Cache\Home\757afe6d7eebdc55bf3948356ced3700.php 第 23 行.
NOTIC: [8] Undefined index: type E:\wwwroot\zt\web\Application\Runtime\Cache\Home\757afe6d7eebdc55bf3948356ced3700.php 第 20 行.
NOTIC: [8] Array to string conversion E:\wwwroot\zt\web\Application\Runtime\Cache\Home\757afe6d7eebdc55bf3948356ced3700.php 第 22 行.
NOTIC: [8] Undefined index: telephone E:\wwwroot\zt\web\Application\Runtime\Cache\Home\757afe6d7eebdc55bf3948356ced3700.php 第 23 行.
NOTIC: [8] Undefined index: type E:\wwwroot\zt\web\Application\Runtime\Cache\Home\757afe6d7eebdc55bf3948356ced3700.php 第 20 行.
NOTIC: [8] Array to string conversion E:\wwwroot\zt\web\Application\Runtime\Cache\Home\757afe6d7eebdc55bf3948356ced3700.php 第 22 行.
NOTIC: [8] Undefined index: type E:\wwwroot\zt\web\Application\Runtime\Cache\Home\757afe6d7eebdc55bf3948356ced3700.php 第 20 行.
NOTIC: [8] Array to string conversion E:\wwwroot\zt\web\Application\Runtime\Cache\Home\757afe6d7eebdc55bf3948356ced3700.php 第 22 行.
NOTIC: [8] Undefined index: type E:\wwwroot\zt\web\Application\Runtime\Cache\Home\757afe6d7eebdc55bf3948356ced3700.php 第 20 行.
NOTIC: [8] Array to string conversion E:\wwwroot\zt\web\Application\Runtime\Cache\Home\757afe6d7eebdc55bf3948356ced3700.php 第 22 行.
NOTIC: [8] Undefined index: type E:\wwwroot\zt\web\Application\Runtime\Cache\Home\757afe6d7eebdc55bf3948356ced3700.php 第 20 行.
NOTIC: [8] Array to string conversion E:\wwwroot\zt\web\Application\Runtime\Cache\Home\757afe6d7eebdc55bf3948356ced3700.php 第 22 行.
NOTIC: [8] Undefined index: telephone E:\wwwroot\zt\web\Application\Runtime\Cache\Home\757afe6d7eebdc55bf3948356ced3700.php 第 23 行.
NOTIC: [8] Undefined index: type E:\wwwroot\zt\web\Application\Runtime\Cache\Home\757afe6d7eebdc55bf3948356ced3700.php 第 20 行.
NOTIC: [8] Array to string conversion E:\wwwroot\zt\web\Application\Runtime\Cache\Home\757afe6d7eebdc55bf3948356ced3700.php 第 22 行.
NOTIC: [8] Undefined index: type E:\wwwroot\zt\web\Application\Runtime\Cache\Home\757afe6d7eebdc55bf3948356ced3700.php 第 20 行.
NOTIC: [8] Array to string conversion E:\wwwroot\zt\web\Application\Runtime\Cache\Home\757afe6d7eebdc55bf3948356ced3700.php 第 22 行.
NOTIC: [8] Undefined index: telephone E:\wwwroot\zt\web\Application\Runtime\Cache\Home\757afe6d7eebdc55bf3948356ced3700.php 第 23 行.
NOTIC: [8] Undefined index: type E:\wwwroot\zt\web\Application\Runtime\Cache\Home\757afe6d7eebdc55bf3948356ced3700.php 第 20 行.
NOTIC: [8] Array to string conversion E:\wwwroot\zt\web\Application\Runtime\Cache\Home\757afe6d7eebdc55bf3948356ced3700.php 第 22 行.
NOTIC: [8] Undefined index: telephone E:\wwwroot\zt\web\Application\Runtime\Cache\Home\757afe6d7eebdc55bf3948356ced3700.php 第 23 行.
NOTIC: [8] Undefined index: type E:\wwwroot\zt\web\Application\Runtime\Cache\Home\757afe6d7eebdc55bf3948356ced3700.php 第 20 行.
NOTIC: [8] Array to string conversion E:\wwwroot\zt\web\Application\Runtime\Cache\Home\757afe6d7eebdc55bf3948356ced3700.php 第 22 行.
NOTIC: [8] Undefined index: telephone E:\wwwroot\zt\web\Application\Runtime\Cache\Home\757afe6d7eebdc55bf3948356ced3700.php 第 23 行.
NOTIC: [8] Undefined index: type E:\wwwroot\zt\web\Application\Runtime\Cache\Home\757afe6d7eebdc55bf3948356ced3700.php 第 20 行.
NOTIC: [8] Array to string conversion E:\wwwroot\zt\web\Application\Runtime\Cache\Home\757afe6d7eebdc55bf3948356ced3700.php 第 22 行.
NOTIC: [8] Undefined index: telephone E:\wwwroot\zt\web\Application\Runtime\Cache\Home\757afe6d7eebdc55bf3948356ced3700.php 第 23 行.
INFO: Run Behavior\ParseTemplateBehavior [ RunTime:0.013673s ]
INFO: [ view_parse ] --END-- [ RunTime:0.013673s ]
INFO: [ view_filter ] --START--
INFO: Run Behavior\WriteHtmlCacheBehavior [ RunTime:0.000000s ]
INFO: [ view_filter ] --END-- [ RunTime:0.000000s ]
INFO: [ app_end ] --START--
INFO: Run Behavior\ShowPageTraceBehavior [ RunTime:0.000000s ]
INFO: [ app_end ] --END-- [ RunTime:0.000000s ]

