[ 2018-05-17T21:08:07+08:00 ] 182.42.212.4 /
INFO: [ app_init ] --START--
INFO: Run Behavior\BuildLiteBehavior [ RunTime:0.000000s ]
INFO: [ app_init ] --END-- [ RunTime:0.001953s ]
INFO: [ app_begin ] --START--
INFO: Run Behavior\ReadHtmlCacheBehavior [ RunTime:0.006835s ]
INFO: [ app_begin ] --END-- [ RunTime:0.006835s ]
SQL: SHOW COLUMNS FROM `region` [ RunTime:0.0039s ]
SQL: SELECT * FROM `region` WHERE ( PARENT_ID = 1 )  [ RunTime:0.0029s ]
SQL: SHOW COLUMNS FROM `type` [ RunTime:0.0039s ]
SQL: SELECT * FROM `type` WHERE ( type_pid = 0 )  [ RunTime:0.0029s ]
INFO: [ view_parse ] --START--
INFO: [ template_filter ] --START--
INFO: Run Behavior\ContentReplaceBehavior [ RunTime:0.000976s ]
INFO: [ template_filter ] --END-- [ RunTime:0.000976s ]
INFO: Run Behavior\ParseTemplateBehavior [ RunTime:0.036130s ]
INFO: [ view_parse ] --END-- [ RunTime:0.036130s ]
INFO: [ view_filter ] --START--
INFO: Run Behavior\WriteHtmlCacheBehavior [ RunTime:0.000977s ]
INFO: [ view_filter ] --END-- [ RunTime:0.000977s ]
INFO: [ app_end ] --START--
INFO: Run Behavior\ShowPageTraceBehavior [ RunTime:0.000977s ]
INFO: [ app_end ] --END-- [ RunTime:0.000977s ]

